<?xml version="1.0" encoding="UTF-8"?>
<!-- Generated by org.testng.reporters.JUnitXMLReporter -->
<testsuite ignored="0" hostname="GB-OlasopeO" failures="0" tests="4" name="Test" time="26.504" errors="0" timestamp="2021-12-12T17:19:51 GMT">
  <testcase classname="DropDown" name="dropDowns" time="6.73"/>
  <testcase classname="AuthForm" name="invalidPassword" time="6.276"/>
  <testcase classname="AuthForm" name="invalidUsername" time="6.289"/>
  <testcase classname="AuthForm" name="validcredentials" time="7.168"/>
</testsuite> <!-- Test -->
