<?xml version="1.0" encoding="UTF-8"?>
<testng-results ignored="0" total="1" passed="1" failed="0" skipped="0">
  <reporter-output>
  </reporter-output>
  <suite started-at="2021-12-13T19:46:52 GMT" name="Default suite" finished-at="2021-12-13T19:47:02 GMT" duration-ms="9848">
    <groups>
    </groups>
    <test started-at="2021-12-13T19:46:52 GMT" name="Default test" finished-at="2021-12-13T19:47:02 GMT" duration-ms="9848">
      <class name="DropDown">
        <test-method signature="dropDowns()[pri:0, instance:DropDown@3427b02d]" started-at="2021-12-13T19:46:52 GMT" name="dropDowns" finished-at="2021-12-13T19:47:02 GMT" duration-ms="9797" status="PASS">
          <reporter-output>
          </reporter-output>
        </test-method> <!-- dropDowns -->
      </class> <!-- DropDown -->
    </test> <!-- Default test -->
  </suite> <!-- Default suite -->
</testng-results>
